cultraview/VirtualKey/floatwindowlib/build/outputs/logs/manifest-merger-debug-report.txt
-- Merging decision tree log ---
manifest
ADDED from src/main/AndroidManifest.xml:2:1-152:12
INJECTED from src/main/AndroidManifest.xml:2:1-152:12
INJECTED from src/main/AndroidManifest.xml:2:1-152:12
INJECTED from src/main/AndroidManifest.xml:2:1-152:12
MERGED from [:whiteboardlib] AndroidManifest.xml:2:1-35:12
MERGED from [com.android.support:design:24.2.1] AndroidManifest.xml:17:1-24:12
MERGED from [com.android.support:appcompat-v7:24.2.1] AndroidManifest.xml:17:1-27:12
MERGED from [com.android.support:support-v4:24.2.1] AndroidManifest.xml:17:1-27:12
MERGED from [com.jakewharton:butterknife:8.5.1] AndroidManifest.xml:2:1-7:12
MERGED from [com.zhy:base-rvadapter:3.0.3] AndroidManifest.xml:2:1-12:12
MERGED from [com.zhy:base-adapter:3.0.3] AndroidManifest.xml:2:1-11:12
MERGED from [com.apkfuns.logutils:library:1.4.2.2] AndroidManifest.xml:2:1-14:12
MERGED from [com.zhy:okhttputils:2.6.2] AndroidManifest.xml:2:1-11:12
MERGED from [com.android.support:recyclerview-v7:24.2.1] AndroidManifest.xml:17:1-22:12
MERGED from [com.android.support:animated-vector-drawable:24.2.1] AndroidManifest.xml:17:1-24:12
MERGED from [com.android.support:support-vector-drawable:24.2.1] AndroidManifest.xml:17:1-25:12
MERGED from [com.android.support:support-fragment:24.2.1] AndroidManifest.xml:17:1-27:12
MERGED from [com.android.support:support-media-compat:24.2.1] AndroidManifest.xml:17:1-27:12
MERGED from [com.android.support:support-core-utils:24.2.1] AndroidManifest.xml:17:1-27:12
MERGED from [com.android.support:support-core-ui:24.2.1] AndroidManifest.xml:17:1-27:12
MERGED from [com.android.support:support-compat:25.1.0] AndroidManifest.xml:17:1-27:12
INJECTED from src/main/AndroidManifest.xml:2:1-152:12
INJECTED from src/main/AndroidManifest.xml:2:1-152:12
INJECTED from src/main/AndroidManifest.xml:2:1-152:12
	package
		ADDED from src/main/AndroidManifest.xml:3:11-48
		INJECTED from src/main/AndroidManifest.xml
		INJECTED from src/main/AndroidManifest.xml
	android:sharedUserId
		ADDED from src/main/AndroidManifest.xml:4:6-47
	android:versionName
		INJECTED from src/main/AndroidManifest.xml
		ADDED from src/main/AndroidManifest.xml:2:1-152:12
		INJECTED from src/main/AndroidManifest.xml
	android:versionCode
		INJECTED from src/main/AndroidManifest.xml
		ADDED from src/main/AndroidManifest.xml:2:1-152:12
		INJECTED from src/main/AndroidManifest.xml
	xmlns:android
		ADDED from src/main/AndroidManifest.xml:2:11-69
uses-permission#com.mstar.android.permissionn.ACCESS_TV_DATA
ADDED from src/main/AndroidManifest.xml:6:5-83
	android:name
		ADDED from src/main/AndroidManifest.xml:6:22-81
uses-permission#android.permission.INJECT_EVENTS
ADDED from src/main/AndroidManifest.xml:7:5-71
	android:name
		ADDED from src/main/AndroidManifest.xml:7:22-69
uses-permission#android.permission.READ_FRAME_BUFFER
ADDED from src/main/AndroidManifest.xml:8:5-75
	android:name
		ADDED from src/main/AndroidManifest.xml:8:22-73
uses-permission#android.permission.SYSTEM_ALERT_WINDOW
ADDED from src/main/AndroidManifest.xml:9:5-77
MERGED from [:whiteboardlib] AndroidManifest.xml:11:5-78
MERGED from [:whiteboardlib] AndroidManifest.xml:11:5-78
	android:name
		ADDED from src/main/AndroidManifest.xml:9:22-75
uses-permission#android.permission.GET_TASKS
ADDED from src/main/AndroidManifest.xml:10:5-67
	android:name
		ADDED from src/main/AndroidManifest.xml:10:22-65
uses-permission#android.permission.CAMERA
ADDED from src/main/AndroidManifest.xml:11:5-64
	android:name
		ADDED from src/main/AndroidManifest.xml:11:22-62
uses-feature#android.hardware.camera
ADDED from src/main/AndroidManifest.xml:13:5-59
	android:name
		ADDED from src/main/AndroidManifest.xml:13:19-57
uses-feature#android.hardware.camera.autofocus
ADDED from src/main/AndroidManifest.xml:14:5-69
	android:name
		ADDED from src/main/AndroidManifest.xml:14:19-67
uses-permission#android.permission.WAKE_LOCK
ADDED from src/main/AndroidManifest.xml:16:5-67
	android:name
		ADDED from src/main/AndroidManifest.xml:16:22-65
uses-permission#android.permission.RECEIVE_BOOT_COMPLETED
ADDED from src/main/AndroidManifest.xml:17:5-80
	android:name
		ADDED from src/main/AndroidManifest.xml:17:22-78
uses-permission#android.permission.KILL_BACKGROUND_PROCESSES
ADDED from src/main/AndroidManifest.xml:19:5-84
	android:name
		ADDED from src/main/AndroidManifest.xml:19:22-81
uses-permission#android.permission.CHANGE_CONFIGURATION
ADDED from src/main/AndroidManifest.xml:20:5-79
	android:name
		ADDED from src/main/AndroidManifest.xml:20:22-76
uses-permission#android.permission.READ_CONTACTS
ADDED from src/main/AndroidManifest.xml:21:5-72
	android:name
		ADDED from src/main/AndroidManifest.xml:21:22-69
uses-permission#android.permission.WRITE_CONTACTS
ADDED from src/main/AndroidManifest.xml:22:5-73
	android:name
		ADDED from src/main/AndroidManifest.xml:22:22-70
uses-permission#android.permission.ACCESS_NETWORK_STATE
ADDED from src/main/AndroidManifest.xml:23:5-79
MERGED from [:whiteboardlib] AndroidManifest.xml:15:5-79
MERGED from [:whiteboardlib] AndroidManifest.xml:15:5-79
	android:name
		ADDED from src/main/AndroidManifest.xml:23:22-76
uses-permission#android.permission.ACCESS_WIMAX_STATE
ADDED from src/main/AndroidManifest.xml:24:5-77
	android:name
		ADDED from src/main/AndroidManifest.xml:24:22-74
uses-permission#android.permission.CHANGE_WIMAX_STATE
ADDED from src/main/AndroidManifest.xml:25:5-77
	android:name
		ADDED from src/main/AndroidManifest.xml:25:22-74
uses-permission#android.permission.ACCESS_WIFI_STATE
ADDED from src/main/AndroidManifest.xml:26:5-76
	android:name
		ADDED from src/main/AndroidManifest.xml:26:22-73
uses-permission#android.permission.CHANGE_WIFI_STATE
ADDED from src/main/AndroidManifest.xml:27:5-76
	android:name
		ADDED from src/main/AndroidManifest.xml:27:22-73
uses-permission#android.permission.INTERNET
ADDED from src/main/AndroidManifest.xml:28:5-67
MERGED from [:whiteboardlib] AndroidManifest.xml:14:5-67
MERGED from [:whiteboardlib] AndroidManifest.xml:14:5-67
	android:name
		ADDED from src/main/AndroidManifest.xml:28:22-64
uses-permission#android.permission.WRITE_SETTINGS
ADDED from src/main/AndroidManifest.xml:29:5-73
	android:name
		ADDED from src/main/AndroidManifest.xml:29:22-70
uses-permission#android.permission.WRITE_EXTERNAL_STORAGE
ADDED from src/main/AndroidManifest.xml:30:5-81
MERGED from [:whiteboardlib] AndroidManifest.xml:19:5-81
MERGED from [:whiteboardlib] AndroidManifest.xml:19:5-81
	android:name
		ADDED from src/main/AndroidManifest.xml:30:22-78
uses-permission#android.permission.READ_EXTERNAL_STORAGE
ADDED from src/main/AndroidManifest.xml:31:5-80
MERGED from [:whiteboardlib] AndroidManifest.xml:18:5-80
MERGED from [:whiteboardlib] AndroidManifest.xml:18:5-80
	android:name
		ADDED from src/main/AndroidManifest.xml:31:22-77
uses-permission#android.permission.BIND_NOTIFICATION_LISTENER_SERVICE
ADDED from src/main/AndroidManifest.xml:32:5-92
	android:name
		ADDED from src/main/AndroidManifest.xml:32:22-90
application
ADDED from src/main/AndroidManifest.xml:34:5-151:19
MERGED from [:whiteboardlib] AndroidManifest.xml:21:5-33:19
MERGED from [:whiteboardlib] AndroidManifest.xml:21:5-33:19
MERGED from [com.android.support:design:24.2.1] AndroidManifest.xml:22:5-20
MERGED from [com.android.support:design:24.2.1] AndroidManifest.xml:22:5-20
MERGED from [com.android.support:appcompat-v7:24.2.1] AndroidManifest.xml:25:5-20
MERGED from [com.android.support:appcompat-v7:24.2.1] AndroidManifest.xml:25:5-20
MERGED from [com.android.support:support-v4:24.2.1] AndroidManifest.xml:25:5-20
MERGED from [com.android.support:support-v4:24.2.1] AndroidManifest.xml:25:5-20
MERGED from [com.apkfuns.logutils:library:1.4.2.2] AndroidManifest.xml:11:5-12:19
MERGED from [com.apkfuns.logutils:library:1.4.2.2] AndroidManifest.xml:11:5-12:19
MERGED from [com.android.support:animated-vector-drawable:24.2.1] AndroidManifest.xml:22:5-20
MERGED from [com.android.support:animated-vector-drawable:24.2.1] AndroidManifest.xml:22:5-20
MERGED from [com.android.support:support-vector-drawable:24.2.1] AndroidManifest.xml:23:5-20
MERGED from [com.android.support:support-vector-drawable:24.2.1] AndroidManifest.xml:23:5-20
MERGED from [com.android.support:support-fragment:24.2.1] AndroidManifest.xml:25:5-20
MERGED from [com.android.support:support-fragment:24.2.1] AndroidManifest.xml:25:5-20
MERGED from [com.android.support:support-media-compat:24.2.1] AndroidManifest.xml:25:5-20
MERGED from [com.android.support:support-media-compat:24.2.1] AndroidManifest.xml:25:5-20
MERGED from [com.android.support:support-core-utils:24.2.1] AndroidManifest.xml:25:5-20
MERGED from [com.android.support:support-core-utils:24.2.1] AndroidManifest.xml:25:5-20
MERGED from [com.android.support:support-core-ui:24.2.1] AndroidManifest.xml:25:5-20
MERGED from [com.android.support:support-core-ui:24.2.1] AndroidManifest.xml:25:5-20
MERGED from [com.android.support:support-compat:25.1.0] AndroidManifest.xml:25:5-20
MERGED from [com.android.support:support-compat:25.1.0] AndroidManifest.xml:25:5-20
	android:supportsRtl
		ADDED from src/main/AndroidManifest.xml:40:9-35
	android:label
		ADDED from src/main/AndroidManifest.xml:39:9-41
	android:excludeFromRecents
		ADDED from src/main/AndroidManifest.xml:41:9-42
	android:hardwareAccelerated
		ADDED from src/main/AndroidManifest.xml:37:9-43
	android:icon
		ADDED from src/main/AndroidManifest.xml:38:9-37
	android:allowBackup
		ADDED from src/main/AndroidManifest.xml:36:9-35
	android:theme
		ADDED from src/main/AndroidManifest.xml:42:9-52
	android:name
		ADDED from src/main/AndroidManifest.xml:35:9-38
activity#com.protruly.floatwindowlib.activity.MainActivity
ADDED from src/main/AndroidManifest.xml:43:9-52:20
	android:excludeFromRecents
		ADDED from src/main/AndroidManifest.xml:46:13-46
	android:configChanges
		ADDED from src/main/AndroidManifest.xml:45:13-59
	android:theme
		ADDED from src/main/AndroidManifest.xml:47:13-47
	android:name
		ADDED from src/main/AndroidManifest.xml:44:13-50
intent-filter#action:name:android.intent.action.MAIN+category:name:android.intent.category.LAUNCHER
ADDED from src/main/AndroidManifest.xml:48:13-51:29
action#android.intent.action.MAIN
ADDED from src/main/AndroidManifest.xml:49:17-68
	android:name
		ADDED from src/main/AndroidManifest.xml:49:25-66
category#android.intent.category.LAUNCHER
ADDED from src/main/AndroidManifest.xml:50:17-76
	android:name
		ADDED from src/main/AndroidManifest.xml:50:27-74
activity#com.protruly.floatwindowlib.activity.SettingNewActivity
ADDED from src/main/AndroidManifest.xml:54:9-62:20
	android:excludeFromRecents
		ADDED from src/main/AndroidManifest.xml:56:13-46
	android:configChanges
		ADDED from src/main/AndroidManifest.xml:55:13-59
	android:theme
		ADDED from src/main/AndroidManifest.xml:57:13-55
	android:name
		ADDED from src/main/AndroidManifest.xml:54:19-62
intent-filter#action:name:com.protruly.floatwindowlib.action.SETTING+category:name:android.intent.category.DEFAULT
ADDED from src/main/AndroidManifest.xml:58:13-61:29
action#com.protruly.floatwindowlib.action.SETTING
ADDED from src/main/AndroidManifest.xml:59:17-84
	android:name
		ADDED from src/main/AndroidManifest.xml:59:25-82
category#android.intent.category.DEFAULT
ADDED from src/main/AndroidManifest.xml:60:17-75
	android:name
		ADDED from src/main/AndroidManifest.xml:60:27-73
activity#com.protruly.floatwindowlib.activity.SettingActivity
ADDED from src/main/AndroidManifest.xml:64:9-72:20
	android:excludeFromRecents
		ADDED from src/main/AndroidManifest.xml:66:19-52
	android:configChanges
		ADDED from src/main/AndroidManifest.xml:65:19-65
	android:theme
		ADDED from src/main/AndroidManifest.xml:67:19-61
	android:name
		ADDED from src/main/AndroidManifest.xml:64:19-59
intent-filter#action:name:com.protruly.floatwindowlib.action.SETTING_RIGHT+category:name:android.intent.category.DEFAULT
ADDED from src/main/AndroidManifest.xml:68:13-71:29
action#com.protruly.floatwindowlib.action.SETTING_RIGHT
ADDED from src/main/AndroidManifest.xml:69:17-90
	android:name
		ADDED from src/main/AndroidManifest.xml:69:25-88
activity#com.protruly.floatwindowlib.activity.PictureChangeActivity
ADDED from src/main/AndroidManifest.xml:74:9-87:20
	android:launchMode
		ADDED from src/main/AndroidManifest.xml:76:13-48
	android:theme
		ADDED from src/main/AndroidManifest.xml:77:13-50
	android:name
		ADDED from src/main/AndroidManifest.xml:75:13-59
intent-filter#action:name:com.protruly.floatwindowlib.activity.intent.action.PictureChangeActivity+category:name:android.intent.category.DEFAULT
ADDED from src/main/AndroidManifest.xml:78:13-81:29
action#com.protruly.floatwindowlib.activity.intent.action.PictureChangeActivity
ADDED from src/main/AndroidManifest.xml:79:17-115
	android:name
		ADDED from src/main/AndroidManifest.xml:79:25-112
intent-filter#action:name:com.mstar.android.intent.action.TV_INPUT_BUTTON+action:name:com.mstar.tv.service.COMMON_EVENT_SIGNAL_STATUS_UPDATE+category:name:android.intent.category.DEFAULT
ADDED from src/main/AndroidManifest.xml:82:13-86:29
action#com.mstar.android.intent.action.TV_INPUT_BUTTON
ADDED from src/main/AndroidManifest.xml:83:17-90
	android:name
		ADDED from src/main/AndroidManifest.xml:83:25-87
action#com.mstar.tv.service.COMMON_EVENT_SIGNAL_STATUS_UPDATE
ADDED from src/main/AndroidManifest.xml:84:17-97
	android:name
		ADDED from src/main/AndroidManifest.xml:84:25-94
activity-alias#com.protruly.floatwindowlib.SettingActivityLeft
ADDED from src/main/AndroidManifest.xml:89:9-98:26
	android:excludeFromRecents
		ADDED from src/main/AndroidManifest.xml:92:19-52
	android:targetActivity
		ADDED from src/main/AndroidManifest.xml:90:25-75
	android:configChanges
		ADDED from src/main/AndroidManifest.xml:91:19-65
	android:theme
		ADDED from src/main/AndroidManifest.xml:93:19-60
	android:name
		ADDED from src/main/AndroidManifest.xml:89:25-59
intent-filter#action:name:com.protruly.floatwindowlib.action.SETTING_LEFT+category:name:android.intent.category.DEFAULT
ADDED from src/main/AndroidManifest.xml:94:13-97:29
action#com.protruly.floatwindowlib.action.SETTING_LEFT
ADDED from src/main/AndroidManifest.xml:95:17-89
	android:name
		ADDED from src/main/AndroidManifest.xml:95:25-87
activity#com.protruly.floatwindowlib.activity.HideActivity
ADDED from src/main/AndroidManifest.xml:100:9-108:20
	android:excludeFromRecents
		ADDED from src/main/AndroidManifest.xml:102:19-52
	android:configChanges
		ADDED from src/main/AndroidManifest.xml:101:19-65
	android:theme
		ADDED from src/main/AndroidManifest.xml:103:19-56
	android:name
		ADDED from src/main/AndroidManifest.xml:100:19-56
intent-filter#action:name:com.protruly.floatwindowlib.action.HIDE_DIALOG+category:name:android.intent.category.DEFAULT
ADDED from src/main/AndroidManifest.xml:104:13-107:29
action#com.protruly.floatwindowlib.action.HIDE_DIALOG
ADDED from src/main/AndroidManifest.xml:105:17-88
	android:name
		ADDED from src/main/AndroidManifest.xml:105:25-86
service#com.protruly.floatwindowlib.service.FloatWindowService
ADDED from src/main/AndroidManifest.xml:110:9-118:19
	android:enabled
		ADDED from src/main/AndroidManifest.xml:112:13-35
	android:exported
		ADDED from src/main/AndroidManifest.xml:113:13-36
	android:name
		ADDED from src/main/AndroidManifest.xml:111:13-55
intent-filter#action:name:com.protruly.floatwindowlib.action.VIRTUAL_KEY+category:name:android.intent.category.DEFAULT
ADDED from src/main/AndroidManifest.xml:114:13-117:29
action#com.protruly.floatwindowlib.action.VIRTUAL_KEY
ADDED from src/main/AndroidManifest.xml:115:17-88
	android:name
		ADDED from src/main/AndroidManifest.xml:115:25-86
service#com.protruly.floatwindowlib.service.UpdateAPKService
ADDED from src/main/AndroidManifest.xml:120:9-60
	android:name
		ADDED from src/main/AndroidManifest.xml:120:18-58
service#com.protruly.floatwindowlib.service.MyNotificationListenerService
ADDED from src/main/AndroidManifest.xml:121:9-128:19
	android:label
		ADDED from src/main/AndroidManifest.xml:122:13-50
	android:permission
		ADDED from src/main/AndroidManifest.xml:124:13-87
	android:persistent
		ADDED from src/main/AndroidManifest.xml:123:13-38
	android:name
		ADDED from src/main/AndroidManifest.xml:121:18-71
intent-filter#action:name:android.service.notification.NotificationListenerService
ADDED from src/main/AndroidManifest.xml:125:13-127:29
action#android.service.notification.NotificationListenerService
ADDED from src/main/AndroidManifest.xml:126:17-99
	android:name
		ADDED from src/main/AndroidManifest.xml:126:25-96
receiver#com.protruly.floatwindowlib.broadcast.BootReceiver
ADDED from src/main/AndroidManifest.xml:131:9-139:20
	android:enabled
		ADDED from src/main/AndroidManifest.xml:133:13-35
	android:exported
		ADDED from src/main/AndroidManifest.xml:134:13-36
	android:name
		ADDED from src/main/AndroidManifest.xml:132:13-51
intent-filter#action:name:android.intent.action.BOOT_COMPLETED+category:name:android.intent.category.LAUNCHER
ADDED from src/main/AndroidManifest.xml:135:13-138:29
	android:priority
		ADDED from src/main/AndroidManifest.xml:135:28-57
action#android.intent.action.BOOT_COMPLETED
ADDED from src/main/AndroidManifest.xml:136:17-78
	android:name
		ADDED from src/main/AndroidManifest.xml:136:25-76
receiver#com.protruly.floatwindowlib.broadcast.ShowHideReceiver
ADDED from src/main/AndroidManifest.xml:141:9-150:20
	android:name
		ADDED from src/main/AndroidManifest.xml:142:13-55
intent-filter#action:name:android.intent.action.LOCALE_CHANGED+action:name:com.ctv.launcher.HIDE+action:name:com.ctv.launcher.SHOW+category:name:android.intent.category.DEFAULT+category:name:android.intent.category.LAUNCHER
ADDED from src/main/AndroidManifest.xml:143:13-149:29
action#com.ctv.launcher.SHOW
ADDED from src/main/AndroidManifest.xml:144:17-63
	android:name
		ADDED from src/main/AndroidManifest.xml:144:25-61
action#com.ctv.launcher.HIDE
ADDED from src/main/AndroidManifest.xml:145:17-63
	android:name
		ADDED from src/main/AndroidManifest.xml:145:25-61
action#android.intent.action.LOCALE_CHANGED
ADDED from src/main/AndroidManifest.xml:146:17-78
	android:name
		ADDED from src/main/AndroidManifest.xml:146:25-76
uses-sdk
INJECTED from src/main/AndroidManifest.xml reason: use-sdk injection requested
INJECTED from src/main/AndroidManifest.xml
INJECTED from src/main/AndroidManifest.xml
MERGED from [:whiteboardlib] AndroidManifest.xml:7:5-9:41
MERGED from [:whiteboardlib] AndroidManifest.xml:7:5-9:41
MERGED from [com.android.support:design:24.2.1] AndroidManifest.xml:20:5-43
MERGED from [com.android.support:design:24.2.1] AndroidManifest.xml:20:5-43
MERGED from [com.android.support:appcompat-v7:24.2.1] AndroidManifest.xml:21:5-23:78
MERGED from [com.android.support:appcompat-v7:24.2.1] AndroidManifest.xml:21:5-23:78
MERGED from [com.android.support:support-v4:24.2.1] AndroidManifest.xml:21:5-23:54
MERGED from [com.android.support:support-v4:24.2.1] AndroidManifest.xml:21:5-23:54
MERGED from [com.jakewharton:butterknife:8.5.1] AndroidManifest.xml:5:5-43
MERGED from [com.jakewharton:butterknife:8.5.1] AndroidManifest.xml:5:5-43
MERGED from [com.zhy:base-rvadapter:3.0.3] AndroidManifest.xml:8:5-10:41
MERGED from [com.zhy:base-rvadapter:3.0.3] AndroidManifest.xml:8:5-10:41
MERGED from [com.zhy:base-adapter:3.0.3] AndroidManifest.xml:7:5-9:41
MERGED from [com.zhy:base-adapter:3.0.3] AndroidManifest.xml:7:5-9:41
MERGED from [com.apkfuns.logutils:library:1.4.2.2] AndroidManifest.xml:7:5-9:41
MERGED from [com.apkfuns.logutils:library:1.4.2.2] AndroidManifest.xml:7:5-9:41
MERGED from [com.zhy:okhttputils:2.6.2] AndroidManifest.xml:7:5-9:41
MERGED from [com.zhy:okhttputils:2.6.2] AndroidManifest.xml:7:5-9:41
MERGED from [com.android.support:recyclerview-v7:24.2.1] AndroidManifest.xml:20:5-43
MERGED from [com.android.support:recyclerview-v7:24.2.1] AndroidManifest.xml:20:5-43
MERGED from [com.android.support:animated-vector-drawable:24.2.1] AndroidManifest.xml:20:5-44
MERGED from [com.android.support:animated-vector-drawable:24.2.1] AndroidManifest.xml:20:5-44
MERGED from [com.android.support:support-vector-drawable:24.2.1] AndroidManifest.xml:21:5-43
MERGED from [com.android.support:support-vector-drawable:24.2.1] AndroidManifest.xml:21:5-43
MERGED from [com.android.support:support-fragment:24.2.1] AndroidManifest.xml:21:5-23:60
MERGED from [com.android.support:support-fragment:24.2.1] AndroidManifest.xml:21:5-23:60
MERGED from [com.android.support:support-media-compat:24.2.1] AndroidManifest.xml:21:5-23:63
MERGED from [com.android.support:support-media-compat:24.2.1] AndroidManifest.xml:21:5-23:63
MERGED from [com.android.support:support-core-utils:24.2.1] AndroidManifest.xml:21:5-23:61
MERGED from [com.android.support:support-core-utils:24.2.1] AndroidManifest.xml:21:5-23:61
MERGED from [com.android.support:support-core-ui:24.2.1] AndroidManifest.xml:21:5-23:58
MERGED from [com.android.support:support-core-ui:24.2.1] AndroidManifest.xml:21:5-23:58
MERGED from [com.android.support:support-compat:25.1.0] AndroidManifest.xml:21:5-23:58
MERGED from [com.android.support:support-compat:25.1.0] AndroidManifest.xml:21:5-23:58
INJECTED from src/main/AndroidManifest.xml
INJECTED from src/main/AndroidManifest.xml
	tools:overrideLibrary
		ADDED from [com.android.support:appcompat-v7:24.2.1] AndroidManifest.xml:23:9-75
	android:targetSdkVersion
		INJECTED from src/main/AndroidManifest.xml
		ADDED from src/main/AndroidManifest.xml
		INJECTED from src/main/AndroidManifest.xml
	android:minSdkVersion
		INJECTED from src/main/AndroidManifest.xml
		ADDED from src/main/AndroidManifest.xml
		INJECTED from src/main/AndroidManifest.xml